2020-09--13 20:48:12:509 [main] DEBUG com.newhans.dao.ShopDao.queryShopList - ==>  Preparing: SELECT s.shop_id, s.shop_name, s.shop_desc, s.shop_addr, s.phone, s.shop_img, s.priority, s.create_time, s.last_edit_time, s.enable_status, s.advice, a.area_id, a.area_name, sc.shop_category_id, sc.shop_categoryname FROM tb_shop s, tb_area a, tb_shop_category sc WHERE s.owner_id = ? AND s.area_id = a.area_id AND s.shop_category_id = sc.shop_category_id ORDER BY s.priority DESC LIMIT ?,?; 
2020-09--13 20:48:12:616 [main] DEBUG com.newhans.dao.ShopDao.queryShopList - ==> Parameters: 1(Long), 0(Integer), 5(Integer)
2020-09--13 20:48:12:663 [main] DEBUG com.newhans.dao.ShopDao.queryShopList - <==      Total: 5
2020-09--13 20:48:12:672 [main] DEBUG com.newhans.dao.ShopDao.queryShopCount - ==>  Preparing: SELECT count(1) FROM tb_shop s, tb_area a, tb_shop_category sc WHERE s.owner_id = ? AND s.area_id=a.area_id AND s.shop_category_id = sc.shop_category_id 
2020-09--13 20:48:12:673 [main] DEBUG com.newhans.dao.ShopDao.queryShopCount - ==> Parameters: 1(Long)
2020-09--13 20:48:12:675 [main] DEBUG com.newhans.dao.ShopDao.queryShopCount - <==      Total: 1
2020-09--13 20:48:12:677 [main] DEBUG com.newhans.dao.ShopDao.queryShopList - ==>  Preparing: SELECT s.shop_id, s.shop_name, s.shop_desc, s.shop_addr, s.phone, s.shop_img, s.priority, s.create_time, s.last_edit_time, s.enable_status, s.advice, a.area_id, a.area_name, sc.shop_category_id, sc.shop_categoryname FROM tb_shop s, tb_area a, tb_shop_category sc WHERE s.shop_category_id = ? and s.owner_id = ? AND s.area_id = a.area_id AND s.shop_category_id = sc.shop_category_id ORDER BY s.priority DESC LIMIT ?,?; 
2020-09--13 20:48:12:678 [main] DEBUG com.newhans.dao.ShopDao.queryShopList - ==> Parameters: 2(Long), 1(Long), 0(Integer), 2(Integer)
2020-09--13 20:48:12:680 [main] DEBUG com.newhans.dao.ShopDao.queryShopList - <==      Total: 1
2020-09--13 20:48:12:681 [main] DEBUG com.newhans.dao.ShopDao.queryShopCount - ==>  Preparing: SELECT count(1) FROM tb_shop s, tb_area a, tb_shop_category sc WHERE s.shop_category_id = ? and s.owner_id = ? AND s.area_id=a.area_id AND s.shop_category_id = sc.shop_category_id 
2020-09--13 20:48:12:682 [main] DEBUG com.newhans.dao.ShopDao.queryShopCount - ==> Parameters: 2(Long), 1(Long)
2020-09--13 20:48:12:683 [main] DEBUG com.newhans.dao.ShopDao.queryShopCount - <==      Total: 1
2020-09--13 20:49:46:764 [main] DEBUG com.newhans.dao.ShopDao.queryShopList - ==>  Preparing: SELECT s.shop_id, s.shop_name, s.shop_desc, s.shop_addr, s.phone, s.shop_img, s.priority, s.create_time, s.last_edit_time, s.enable_status, s.advice, a.area_id, a.area_name, sc.shop_category_id, sc.shop_categoryname FROM tb_shop s, tb_area a, tb_shop_category sc WHERE s.owner_id = ? AND s.area_id = a.area_id AND s.shop_category_id = sc.shop_category_id ORDER BY s.priority DESC LIMIT ?,?; 
2020-09--13 20:49:46:842 [main] DEBUG com.newhans.dao.ShopDao.queryShopList - ==> Parameters: 1(Long), 0(Integer), 5(Integer)
2020-09--13 20:49:46:888 [main] DEBUG com.newhans.dao.ShopDao.queryShopList - <==      Total: 5
2020-09--13 20:49:46:896 [main] DEBUG com.newhans.dao.ShopDao.queryShopCount - ==>  Preparing: SELECT count(1) FROM tb_shop s, tb_area a, tb_shop_category sc WHERE s.owner_id = ? AND s.area_id=a.area_id AND s.shop_category_id = sc.shop_category_id 
2020-09--13 20:49:46:897 [main] DEBUG com.newhans.dao.ShopDao.queryShopCount - ==> Parameters: 1(Long)
2020-09--13 20:49:46:899 [main] DEBUG com.newhans.dao.ShopDao.queryShopCount - <==      Total: 1
2020-09--13 20:49:46:901 [main] DEBUG com.newhans.dao.ShopDao.queryShopList - ==>  Preparing: SELECT s.shop_id, s.shop_name, s.shop_desc, s.shop_addr, s.phone, s.shop_img, s.priority, s.create_time, s.last_edit_time, s.enable_status, s.advice, a.area_id, a.area_name, sc.shop_category_id, sc.shop_categoryname FROM tb_shop s, tb_area a, tb_shop_category sc WHERE s.shop_category_id = ? and s.owner_id = ? AND s.area_id = a.area_id AND s.shop_category_id = sc.shop_category_id ORDER BY s.priority DESC LIMIT ?,?; 
2020-09--13 20:49:46:902 [main] DEBUG com.newhans.dao.ShopDao.queryShopList - ==> Parameters: 1(Long), 1(Long), 0(Integer), 2(Integer)
2020-09--13 20:49:46:905 [main] DEBUG com.newhans.dao.ShopDao.queryShopList - <==      Total: 2
2020-09--13 20:49:46:906 [main] DEBUG com.newhans.dao.ShopDao.queryShopCount - ==>  Preparing: SELECT count(1) FROM tb_shop s, tb_area a, tb_shop_category sc WHERE s.shop_category_id = ? and s.owner_id = ? AND s.area_id=a.area_id AND s.shop_category_id = sc.shop_category_id 
2020-09--13 20:49:46:907 [main] DEBUG com.newhans.dao.ShopDao.queryShopCount - ==> Parameters: 1(Long), 1(Long)
2020-09--13 20:49:46:909 [main] DEBUG com.newhans.dao.ShopDao.queryShopCount - <==      Total: 1
2020-09--13 21:21:51:743 [main] DEBUG com.newhans.dao.ShopDao.queryShopList - ==>  Preparing: SELECT s.shop_id, s.shop_name, s.shop_desc, s.shop_addr, s.phone, s.shop_img, s.priority, s.create_time, s.last_edit_time, s.enable_status, s.advice, a.area_id, a.area_name, sc.shop_category_id, sc.shop_categoryname FROM tb_shop s, tb_area a, tb_shop_category sc WHERE s.shop_category_id in (select shop_category_id from tb_shop_category WHERE parent_id = ?) AND s.area_id = a.area_id AND s.shop_category_id = sc.shop_category_id ORDER BY s.priority DESC LIMIT ?,?; 
2020-09--13 21:21:51:832 [main] DEBUG com.newhans.dao.ShopDao.queryShopList - ==> Parameters: 3(Long), 0(Integer), 5(Integer)
2020-09--13 21:21:51:877 [main] DEBUG com.newhans.dao.ShopDao.queryShopList - <==      Total: 0
2020-09--13 21:21:51:887 [main] DEBUG com.newhans.dao.ShopDao.queryShopCount - ==>  Preparing: SELECT count(1) FROM tb_shop s, tb_area a, tb_shop_category sc WHERE s.shop_category_id in (select shop_category_id from tb_shop_category WHERE parent_id = ?) and s.shop_category_id in (select shop_category_id from tb_shop_category WHERE parent_id = ?) AND s.area_id=a.area_id AND s.shop_category_id = sc.shop_category_id 
2020-09--13 21:21:51:888 [main] DEBUG com.newhans.dao.ShopDao.queryShopCount - ==> Parameters: 3(Long), 3(Long)
2020-09--13 21:21:51:892 [main] DEBUG com.newhans.dao.ShopDao.queryShopCount - <==      Total: 1
2020-09--13 21:24:39:552 [main] DEBUG com.newhans.dao.ShopDao.queryShopList - ==>  Preparing: SELECT s.shop_id, s.shop_name, s.shop_desc, s.shop_addr, s.phone, s.shop_img, s.priority, s.create_time, s.last_edit_time, s.enable_status, s.advice, a.area_id, a.area_name, sc.shop_category_id, sc.shop_categoryname FROM tb_shop s, tb_area a, tb_shop_category sc WHERE s.shop_category_id in (select shop_category_id from tb_shop_category WHERE parent_id = ?) AND s.area_id = a.area_id AND s.shop_category_id = sc.shop_category_id ORDER BY s.priority DESC LIMIT ?,?; 
2020-09--13 21:24:39:631 [main] DEBUG com.newhans.dao.ShopDao.queryShopList - ==> Parameters: 3(Long), 0(Integer), 5(Integer)
2020-09--13 21:24:39:675 [main] DEBUG com.newhans.dao.ShopDao.queryShopList - <==      Total: 1
2020-09--13 21:24:39:686 [main] DEBUG com.newhans.dao.ShopDao.queryShopCount - ==>  Preparing: SELECT count(1) FROM tb_shop s, tb_area a, tb_shop_category sc WHERE s.shop_category_id in (select shop_category_id from tb_shop_category WHERE parent_id = ?) and s.shop_category_id in (select shop_category_id from tb_shop_category WHERE parent_id = ?) AND s.area_id=a.area_id AND s.shop_category_id = sc.shop_category_id 
2020-09--13 21:24:39:686 [main] DEBUG com.newhans.dao.ShopDao.queryShopCount - ==> Parameters: 3(Long), 3(Long)
2020-09--13 21:24:39:688 [main] DEBUG com.newhans.dao.ShopDao.queryShopCount - <==      Total: 1
